TN:
SF:src\hooks\useAddIngredient.ts
FN:4,useAddIngredient
FN:10,(anonymous_1)
FN:10,(anonymous_2)
FN:14,(anonymous_3)
FN:43,(anonymous_4)
FN:58,(anonymous_5)
FNF:6
FNH:6
FNDA:22,useAddIngredient
FNDA:11,(anonymous_1)
FNDA:2,(anonymous_2)
FNDA:4,(anonymous_3)
FNDA:6,(anonymous_4)
FNDA:6,(anonymous_5)
DA:5,22
DA:6,22
DA:7,22
DA:8,22
DA:9,22
DA:10,11
DA:14,22
DA:15,4
DA:16,4
DA:18,4
DA:19,1
DA:20,1
DA:23,3
DA:24,1
DA:25,1
DA:28,2
DA:29,2
DA:31,2
DA:32,2
DA:33,1
DA:35,1
DA:36,1
DA:37,1
DA:39,2
DA:43,22
DA:44,6
DA:45,6
DA:47,6
DA:48,6
DA:49,5
DA:51,1
DA:52,1
DA:54,6
DA:58,22
DA:59,6
DA:62,22
LF:36
LH:36
BRDA:18,0,0,1
BRDA:18,0,1,3
BRDA:23,1,0,1
BRDA:23,1,1,2
BRF:4
BRH:4
end_of_record
TN:
SF:src\hooks\useBuying.ts
FN:11,useBuying
FN:17,(anonymous_1)
FN:28,(anonymous_2)
FN:45,(anonymous_3)
FN:64,(anonymous_4)
FN:66,(anonymous_5)
FN:70,(anonymous_6)
FN:83,(anonymous_7)
FNF:8
FNH:8
FNDA:32,useBuying
FNDA:21,(anonymous_1)
FNDA:12,(anonymous_2)
FNDA:12,(anonymous_3)
FNDA:4,(anonymous_4)
FNDA:4,(anonymous_5)
FNDA:3,(anonymous_6)
FNDA:9,(anonymous_7)
DA:12,32
DA:13,32
DA:14,32
DA:15,32
DA:17,32
DA:18,21
DA:19,21
DA:20,14
DA:21,14
DA:22,14
DA:25,21
DA:28,32
DA:29,12
DA:31,12
DA:32,12
DA:34,11
DA:36,1
DA:38,1
DA:40,1
DA:41,1
DA:45,32
DA:46,12
DA:47,3
DA:48,12
DA:50,12
DA:51,12
DA:53,12
DA:54,11
DA:56,1
DA:57,1
DA:59,12
DA:60,3
DA:64,32
DA:65,4
DA:66,4
DA:67,4
DA:70,4
DA:71,4
DA:73,4
DA:74,4
DA:76,3
DA:78,1
DA:79,1
DA:83,32
DA:84,9
DA:87,32
LF:46
LH:46
BRDA:21,0,0,13
BRDA:21,0,1,1
BRDA:34,1,0,10
BRDA:34,1,1,1
BRDA:46,2,0,9
BRDA:46,2,1,3
BRDA:59,3,0,9
BRDA:59,3,1,3
BRDA:67,4,0,3
BRDA:67,4,1,1
BRDA:70,5,0,4
BRDA:70,5,1,1
BRF:12
BRH:12
end_of_record
TN:
SF:src\hooks\useGroceries.ts
FN:12,useGroceries
FN:21,(anonymous_1)
FN:22,(anonymous_2)
FN:35,(anonymous_3)
FN:36,(anonymous_4)
FN:42,(anonymous_5)
FN:59,(anonymous_6)
FN:82,(anonymous_7)
FN:84,(anonymous_8)
FN:102,(anonymous_9)
FN:121,(anonymous_10)
FNF:11
FNH:11
FNDA:47,useGroceries
FNDA:9,(anonymous_1)
FNDA:9,(anonymous_2)
FNDA:5,(anonymous_3)
FNDA:5,(anonymous_4)
FNDA:15,(anonymous_5)
FNDA:13,(anonymous_6)
FNDA:4,(anonymous_7)
FNDA:4,(anonymous_8)
FNDA:3,(anonymous_9)
FNDA:12,(anonymous_10)
DA:13,47
DA:14,47
DA:15,47
DA:16,47
DA:17,47
DA:18,47
DA:19,47
DA:21,47
DA:22,9
DA:23,9
DA:25,9
DA:26,1
DA:28,8
DA:31,9
DA:35,47
DA:36,5
DA:37,5
DA:38,4
DA:42,47
DA:43,15
DA:45,15
DA:46,15
DA:48,14
DA:50,1
DA:52,1
DA:54,1
DA:55,1
DA:59,47
DA:60,13
DA:61,1
DA:62,13
DA:64,13
DA:65,13
DA:66,13
DA:68,12
DA:69,11
DA:71,11
DA:72,11
DA:74,1
DA:75,1
DA:77,13
DA:78,1
DA:82,47
DA:83,4
DA:84,4
DA:87,4
DA:88,1
DA:89,1
DA:92,3
DA:93,1
DA:94,1
DA:97,2
DA:98,2
DA:100,2
DA:101,2
DA:102,3
DA:108,2
DA:110,1
DA:112,1
DA:114,1
DA:115,1
DA:117,2
DA:121,47
DA:122,12
DA:125,47
LF:65
LH:65
BRDA:25,0,0,1
BRDA:25,0,1,8
BRDA:37,1,0,1
BRDA:37,1,1,4
BRDA:48,2,0,13
BRDA:48,2,1,1
BRDA:60,3,0,12
BRDA:60,3,1,1
BRDA:66,4,0,1
BRDA:66,4,1,12
BRDA:77,5,0,12
BRDA:77,5,1,1
BRDA:87,6,0,1
BRDA:87,6,1,3
BRDA:92,7,0,1
BRDA:92,7,1,2
BRF:16
BRH:16
end_of_record
TN:
SF:src\hooks\useHome.ts
FN:15,useHomeScreen
FN:27,(anonymous_1)
FN:33,(anonymous_2)
FN:34,(anonymous_3)
FN:41,(anonymous_4)
FN:56,(anonymous_5)
FN:76,(anonymous_6)
FN:110,(anonymous_7)
FN:123,(anonymous_8)
FN:124,(anonymous_9)
FNF:10
FNH:10
FNDA:54,useHomeScreen
FNDA:13,(anonymous_1)
FNDA:1,(anonymous_2)
FNDA:2,(anonymous_3)
FNDA:5,(anonymous_4)
FNDA:2,(anonymous_5)
FNDA:4,(anonymous_6)
FNDA:2,(anonymous_7)
FNDA:13,(anonymous_8)
FNDA:13,(anonymous_9)
DA:16,54
DA:17,54
DA:18,54
DA:19,54
DA:20,54
DA:21,54
DA:22,54
DA:23,54
DA:24,54
DA:25,54
DA:27,54
DA:28,13
DA:30,13
DA:31,13
DA:33,12
DA:34,12
DA:36,1
DA:37,1
DA:41,54
DA:42,5
DA:44,5
DA:45,5
DA:47,4
DA:49,4
DA:51,1
DA:52,1
DA:56,54
DA:57,2
DA:58,2
DA:60,2
DA:61,2
DA:63,1
DA:64,1
DA:65,1
DA:67,1
DA:69,1
DA:70,1
DA:72,2
DA:76,54
DA:77,4
DA:78,1
DA:79,1
DA:82,3
DA:84,3
DA:85,3
DA:87,2
DA:89,2
DA:91,2
DA:92,2
DA:93,2
DA:95,2
DA:97,2
DA:98,1
DA:99,1
DA:102,1
DA:105,1
DA:106,1
DA:110,54
DA:111,2
DA:113,2
DA:114,2
DA:115,1
DA:116,1
DA:118,1
DA:119,1
DA:123,54
DA:124,13
DA:125,13
DA:127,13
DA:129,13
DA:131,13
DA:132,3
DA:133,3
DA:135,10
DA:138,13
DA:142,54
LF:76
LH:76
BRDA:77,0,0,1
BRDA:77,0,1,3
BRDA:97,1,0,1
BRDA:97,1,1,1
BRDA:131,2,0,3
BRDA:131,2,1,10
BRF:6
BRH:6
end_of_record
TN:
SF:src\hooks\useRecipes.ts
FN:11,useRecipes
FN:20,(anonymous_1)
FN:21,(anonymous_2)
FN:34,(anonymous_3)
FN:35,(anonymous_4)
FN:41,(anonymous_5)
FN:61,(anonymous_6)
FN:64,(anonymous_7)
FN:88,(anonymous_8)
FN:107,(anonymous_9)
FNF:10
FNH:10
FNDA:45,useRecipes
FNDA:9,(anonymous_1)
FNDA:9,(anonymous_2)
FNDA:5,(anonymous_3)
FNDA:5,(anonymous_4)
FNDA:12,(anonymous_5)
FNDA:5,(anonymous_6)
FNDA:4,(anonymous_7)
FNDA:2,(anonymous_8)
FNDA:11,(anonymous_9)
DA:12,45
DA:13,45
DA:14,45
DA:15,45
DA:16,45
DA:17,45
DA:18,45
DA:20,45
DA:21,9
DA:22,9
DA:24,9
DA:25,1
DA:27,8
DA:30,9
DA:34,45
DA:35,5
DA:36,5
DA:37,4
DA:41,45
DA:42,12
DA:43,1
DA:44,12
DA:46,12
DA:47,12
DA:48,11
DA:50,11
DA:51,11
DA:53,1
DA:54,1
DA:56,12
DA:57,1
DA:61,45
DA:62,5
DA:63,5
DA:64,4
DA:67,5
DA:68,1
DA:69,1
DA:72,4
DA:73,1
DA:74,1
DA:77,3
DA:78,1
DA:79,1
DA:82,2
DA:83,2
DA:85,2
DA:86,2
DA:88,2
DA:94,1
DA:96,1
DA:98,1
DA:100,1
DA:101,1
DA:103,2
DA:107,45
DA:108,11
DA:111,45
LF:58
LH:58
BRDA:24,0,0,1
BRDA:24,0,1,8
BRDA:36,1,0,1
BRDA:36,1,1,4
BRDA:42,2,0,11
BRDA:42,2,1,1
BRDA:56,3,0,11
BRDA:56,3,1,1
BRDA:67,4,0,1
BRDA:67,4,1,4
BRDA:72,5,0,1
BRDA:72,5,1,3
BRDA:77,6,0,1
BRDA:77,6,1,2
BRF:14
BRH:14
end_of_record
TN:
SF:src\services\AddIngredientService.ts
FN:10,(anonymous_0)
FN:17,insertIngredient
FN:33,getZones
FNF:3
FNH:3
FNDA:2,(anonymous_0)
FNDA:2,insertIngredient
FNDA:3,getZones
DA:11,2
DA:12,2
DA:13,2
DA:18,2
DA:28,2
DA:30,1
DA:34,3
DA:39,3
DA:41,2
LF:9
LH:9
BRDA:28,0,0,1
BRDA:28,0,1,1
BRDA:39,1,0,1
BRDA:39,1,1,2
BRDA:41,2,0,2
BRDA:41,2,1,1
BRF:6
BRH:6
end_of_record
TN:
SF:src\services\BuyingService.ts
FN:21,(anonymous_0)
FN:28,getGrocery
FN:36,insertGrocery
FN:44,getBuyItems
FN:55,upsertGroceryIngredient
FNF:5
FNH:5
FNDA:4,(anonymous_0)
FNDA:2,getGrocery
FNDA:2,insertGrocery
FNDA:2,getBuyItems
FNDA:2,upsertGroceryIngredient
DA:22,4
DA:23,4
DA:24,4
DA:29,2
DA:31,2
DA:33,1
DA:37,2
DA:39,2
DA:41,1
DA:45,2
DA:50,2
DA:52,1
DA:56,2
DA:64,2
DA:66,1
LF:15
LH:15
BRDA:31,0,0,1
BRDA:31,0,1,1
BRDA:39,1,0,1
BRDA:39,1,1,1
BRDA:50,2,0,1
BRDA:50,2,1,1
BRDA:64,3,0,1
BRDA:64,3,1,1
BRF:8
BRH:8
end_of_record
TN:
SF:src\services\GroceriesService.ts
FN:24,(anonymous_0)
FN:31,getGrocery
FN:39,insertGrocery
FN:47,getRecipes
FN:58,getGroceryRecipe
FN:69,insertGroceryRecipe
FNF:6
FNH:6
FNDA:5,(anonymous_0)
FNDA:2,getGrocery
FNDA:2,insertGrocery
FNDA:2,getRecipes
FNDA:2,getGroceryRecipe
FNDA:2,insertGroceryRecipe
DA:25,5
DA:26,5
DA:27,5
DA:32,2
DA:34,2
DA:36,1
DA:40,2
DA:42,2
DA:44,1
DA:48,2
DA:53,2
DA:55,1
DA:59,2
DA:64,2
DA:66,1
DA:70,2
DA:72,2
DA:74,1
LF:18
LH:18
BRDA:34,0,0,1
BRDA:34,0,1,1
BRDA:42,1,0,1
BRDA:42,1,1,1
BRDA:53,2,0,1
BRDA:53,2,1,1
BRDA:64,3,0,1
BRDA:64,3,1,1
BRDA:72,4,0,1
BRDA:72,4,1,1
BRF:10
BRH:10
end_of_record
TN:
SF:src\services\HomeService.ts
FN:5,(anonymous_0)
FN:12,getAppConfig
FN:20,getCurrentUser
FN:32,getUser
FN:44,supabaseSignIn
FN:55,supabaseSignUp
FN:66,insertUser
FN:78,supabaseGetSession
FN:89,supabaseSignOut
FNF:9
FNH:9
FNDA:9,(anonymous_0)
FNDA:2,getAppConfig
FNDA:3,getCurrentUser
FNDA:2,getUser
FNDA:2,supabaseSignIn
FNDA:2,supabaseSignUp
FNDA:2,insertUser
FNDA:2,supabaseGetSession
FNDA:2,supabaseSignOut
DA:6,9
DA:7,9
DA:8,9
DA:13,2
DA:15,2
DA:17,1
DA:24,3
DA:26,3
DA:27,2
DA:29,1
DA:33,2
DA:39,2
DA:41,1
DA:45,2
DA:50,2
DA:52,1
DA:56,2
DA:61,2
DA:63,1
DA:67,2
DA:73,2
DA:75,1
DA:82,2
DA:84,2
DA:86,1
DA:90,2
DA:92,2
LF:27
LH:27
BRDA:15,0,0,1
BRDA:15,0,1,1
BRDA:26,1,0,1
BRDA:26,1,1,2
BRDA:27,2,0,1
BRDA:27,2,1,1
BRDA:39,3,0,1
BRDA:39,3,1,1
BRDA:50,4,0,1
BRDA:50,4,1,1
BRDA:61,5,0,1
BRDA:61,5,1,1
BRDA:73,6,0,1
BRDA:73,6,1,1
BRDA:84,7,0,1
BRDA:84,7,1,1
BRDA:92,8,0,1
BRDA:92,8,1,1
BRF:18
BRH:18
end_of_record
TN:
SF:src\services\RecipesService.ts
FN:24,(anonymous_0)
FN:31,getIngredients
FN:42,getRecipes
FN:53,insertRecipe
FN:67,insertRecipeIngredient
FNF:5
FNH:5
FNDA:4,(anonymous_0)
FNDA:2,getIngredients
FNDA:2,getRecipes
FNDA:2,insertRecipe
FNDA:2,insertRecipeIngredient
DA:25,4
DA:26,4
DA:27,4
DA:32,2
DA:37,2
DA:39,1
DA:43,2
DA:48,2
DA:50,1
DA:54,2
DA:62,2
DA:64,1
DA:68,2
DA:70,2
DA:72,1
LF:15
LH:15
BRDA:37,0,0,1
BRDA:37,0,1,1
BRDA:48,1,0,1
BRDA:48,1,1,1
BRDA:62,2,0,1
BRDA:62,2,1,1
BRDA:70,3,0,1
BRDA:70,3,1,1
BRF:8
BRH:8
end_of_record
