TN:
SF:src\hooks\useAddIngredient.ts
FN:4,useAddIngredient
FN:10,(anonymous_1)
FN:10,(anonymous_2)
FN:14,(anonymous_3)
FN:43,(anonymous_4)
FN:58,(anonymous_5)
FNF:6
FNH:6
FNDA:22,useAddIngredient
FNDA:11,(anonymous_1)
FNDA:2,(anonymous_2)
FNDA:4,(anonymous_3)
FNDA:6,(anonymous_4)
FNDA:6,(anonymous_5)
DA:5,22
DA:6,22
DA:7,22
DA:8,22
DA:9,22
DA:10,11
DA:14,22
DA:15,4
DA:16,4
DA:18,4
DA:19,1
DA:20,1
DA:23,3
DA:24,1
DA:25,1
DA:28,2
DA:29,2
DA:31,2
DA:32,2
DA:33,1
DA:35,1
DA:36,1
DA:37,1
DA:39,2
DA:43,22
DA:44,6
DA:45,6
DA:47,6
DA:48,6
DA:49,5
DA:51,1
DA:52,1
DA:54,6
DA:58,22
DA:59,6
DA:62,22
LF:36
LH:36
BRDA:18,0,0,1
BRDA:18,0,1,3
BRDA:23,1,0,1
BRDA:23,1,1,2
BRF:4
BRH:4
end_of_record
TN:
SF:src\hooks\useBuying.ts
FN:10,useBuying
FN:16,(anonymous_1)
FN:27,(anonymous_2)
FN:46,(anonymous_3)
FN:48,(anonymous_4)
FN:52,(anonymous_5)
FN:65,(anonymous_6)
FNF:7
FNH:7
FNDA:29,useBuying
FNDA:18,(anonymous_1)
FNDA:11,(anonymous_2)
FNDA:4,(anonymous_3)
FNDA:4,(anonymous_4)
FNDA:3,(anonymous_5)
FNDA:8,(anonymous_6)
DA:11,29
DA:12,29
DA:13,29
DA:14,29
DA:16,29
DA:17,18
DA:18,18
DA:19,14
DA:20,14
DA:21,14
DA:24,18
DA:27,29
DA:28,11
DA:29,3
DA:30,11
DA:32,11
DA:33,11
DA:35,10
DA:36,9
DA:38,2
DA:39,2
DA:41,11
DA:42,3
DA:46,29
DA:47,4
DA:48,4
DA:49,4
DA:52,4
DA:53,4
DA:55,4
DA:56,4
DA:58,3
DA:60,1
DA:61,1
DA:65,29
DA:66,8
DA:69,29
LF:37
LH:37
BRDA:20,0,0,13
BRDA:20,0,1,1
BRDA:28,1,0,8
BRDA:28,1,1,3
BRDA:41,2,0,8
BRDA:41,2,1,3
BRDA:49,3,0,3
BRDA:49,3,1,1
BRDA:52,4,0,4
BRDA:52,4,1,1
BRF:10
BRH:10
end_of_record
TN:
SF:src\hooks\useGroceries.ts
FN:11,useGroceries
FN:20,(anonymous_1)
FN:21,(anonymous_2)
FN:34,(anonymous_3)
FN:35,(anonymous_4)
FN:41,(anonymous_5)
FN:64,(anonymous_6)
FN:66,(anonymous_7)
FN:84,(anonymous_8)
FN:103,(anonymous_9)
FNF:10
FNH:10
FNDA:44,useGroceries
FNDA:9,(anonymous_1)
FNDA:9,(anonymous_2)
FNDA:5,(anonymous_3)
FNDA:5,(anonymous_4)
FNDA:12,(anonymous_5)
FNDA:4,(anonymous_6)
FNDA:4,(anonymous_7)
FNDA:3,(anonymous_8)
FNDA:11,(anonymous_9)
DA:12,44
DA:13,44
DA:14,44
DA:15,44
DA:16,44
DA:17,44
DA:18,44
DA:20,44
DA:21,9
DA:22,9
DA:24,9
DA:25,1
DA:27,8
DA:30,9
DA:34,44
DA:35,5
DA:36,5
DA:37,4
DA:41,44
DA:42,12
DA:43,1
DA:44,12
DA:46,12
DA:47,12
DA:48,12
DA:50,11
DA:51,10
DA:53,10
DA:54,10
DA:56,1
DA:57,1
DA:59,12
DA:60,1
DA:64,44
DA:65,4
DA:66,4
DA:69,4
DA:70,1
DA:71,1
DA:74,3
DA:75,1
DA:76,1
DA:79,2
DA:80,2
DA:82,2
DA:83,2
DA:84,3
DA:90,2
DA:92,1
DA:94,1
DA:96,1
DA:97,1
DA:99,2
DA:103,44
DA:104,11
DA:107,44
LF:56
LH:56
BRDA:24,0,0,1
BRDA:24,0,1,8
BRDA:36,1,0,1
BRDA:36,1,1,4
BRDA:42,2,0,11
BRDA:42,2,1,1
BRDA:48,3,0,1
BRDA:48,3,1,11
BRDA:59,4,0,11
BRDA:59,4,1,1
BRDA:69,5,0,1
BRDA:69,5,1,3
BRDA:74,6,0,1
BRDA:74,6,1,2
BRF:14
BRH:14
end_of_record
TN:
SF:src\hooks\useHome.ts
FN:15,useHomeScreen
FN:27,(anonymous_1)
FN:33,(anonymous_2)
FN:34,(anonymous_3)
FN:41,(anonymous_4)
FN:56,(anonymous_5)
FN:76,(anonymous_6)
FN:110,(anonymous_7)
FN:123,(anonymous_8)
FN:124,(anonymous_9)
FNF:10
FNH:10
FNDA:54,useHomeScreen
FNDA:13,(anonymous_1)
FNDA:1,(anonymous_2)
FNDA:2,(anonymous_3)
FNDA:5,(anonymous_4)
FNDA:2,(anonymous_5)
FNDA:4,(anonymous_6)
FNDA:2,(anonymous_7)
FNDA:13,(anonymous_8)
FNDA:13,(anonymous_9)
DA:16,54
DA:17,54
DA:18,54
DA:19,54
DA:20,54
DA:21,54
DA:22,54
DA:23,54
DA:24,54
DA:25,54
DA:27,54
DA:28,13
DA:30,13
DA:31,13
DA:33,12
DA:34,12
DA:36,1
DA:37,1
DA:41,54
DA:42,5
DA:44,5
DA:45,5
DA:47,4
DA:49,4
DA:51,1
DA:52,1
DA:56,54
DA:57,2
DA:58,2
DA:60,2
DA:61,2
DA:63,1
DA:64,1
DA:65,1
DA:67,1
DA:69,1
DA:70,1
DA:72,2
DA:76,54
DA:77,4
DA:78,1
DA:79,1
DA:82,3
DA:84,3
DA:85,3
DA:87,2
DA:89,2
DA:91,2
DA:92,2
DA:93,2
DA:95,2
DA:97,2
DA:98,1
DA:99,1
DA:102,1
DA:105,1
DA:106,1
DA:110,54
DA:111,2
DA:113,2
DA:114,2
DA:115,1
DA:116,1
DA:118,1
DA:119,1
DA:123,54
DA:124,13
DA:125,13
DA:127,13
DA:129,13
DA:131,13
DA:132,3
DA:133,3
DA:135,10
DA:138,13
DA:142,54
LF:76
LH:76
BRDA:77,0,0,1
BRDA:77,0,1,3
BRDA:97,1,0,1
BRDA:97,1,1,1
BRDA:131,2,0,3
BRDA:131,2,1,10
BRF:6
BRH:6
end_of_record
TN:
SF:src\hooks\useRecipes.ts
FN:11,useRecipes
FN:20,(anonymous_1)
FN:21,(anonymous_2)
FN:34,(anonymous_3)
FN:35,(anonymous_4)
FN:41,(anonymous_5)
FN:61,(anonymous_6)
FN:64,(anonymous_7)
FN:88,(anonymous_8)
FN:107,(anonymous_9)
FNF:10
FNH:10
FNDA:45,useRecipes
FNDA:9,(anonymous_1)
FNDA:9,(anonymous_2)
FNDA:5,(anonymous_3)
FNDA:5,(anonymous_4)
FNDA:12,(anonymous_5)
FNDA:5,(anonymous_6)
FNDA:4,(anonymous_7)
FNDA:2,(anonymous_8)
FNDA:11,(anonymous_9)
DA:12,45
DA:13,45
DA:14,45
DA:15,45
DA:16,45
DA:17,45
DA:18,45
DA:20,45
DA:21,9
DA:22,9
DA:24,9
DA:25,1
DA:27,8
DA:30,9
DA:34,45
DA:35,5
DA:36,5
DA:37,4
DA:41,45
DA:42,12
DA:43,1
DA:44,12
DA:46,12
DA:47,12
DA:48,11
DA:50,11
DA:51,11
DA:53,1
DA:54,1
DA:56,12
DA:57,1
DA:61,45
DA:62,5
DA:63,5
DA:64,4
DA:67,5
DA:68,1
DA:69,1
DA:72,4
DA:73,1
DA:74,1
DA:77,3
DA:78,1
DA:79,1
DA:82,2
DA:83,2
DA:85,2
DA:86,2
DA:88,2
DA:94,1
DA:96,1
DA:98,1
DA:100,1
DA:101,1
DA:103,2
DA:107,45
DA:108,11
DA:111,45
LF:58
LH:58
BRDA:24,0,0,1
BRDA:24,0,1,8
BRDA:36,1,0,1
BRDA:36,1,1,4
BRDA:42,2,0,11
BRDA:42,2,1,1
BRDA:56,3,0,11
BRDA:56,3,1,1
BRDA:67,4,0,1
BRDA:67,4,1,4
BRDA:72,5,0,1
BRDA:72,5,1,3
BRDA:77,6,0,1
BRDA:77,6,1,2
BRF:14
BRH:14
end_of_record
TN:
SF:src\services\AddIngredientService.ts
FN:9,insertIngredient
FN:25,getZones
FNF:2
FNH:2
FNDA:2,insertIngredient
FNDA:3,getZones
DA:10,2
DA:20,2
DA:22,1
DA:26,3
DA:31,3
DA:33,2
LF:6
LH:6
BRDA:20,0,0,1
BRDA:20,0,1,1
BRDA:31,1,0,1
BRDA:31,1,1,2
BRDA:33,2,0,2
BRDA:33,2,1,1
BRF:6
BRH:6
end_of_record
TN:
SF:src\services\ApiError.ts
FN:3,(anonymous_0)
FNF:1
FNH:1
FNDA:22,(anonymous_0)
DA:4,22
DA:5,22
DA:6,22
LF:3
LH:3
BRF:0
BRH:0
end_of_record
TN:
SF:src\services\BuyingService.ts
FN:20,getBuyItems
FN:31,upsertGroceryIngredient
FNF:2
FNH:2
FNDA:2,getBuyItems
FNDA:2,upsertGroceryIngredient
DA:21,2
DA:26,2
DA:28,1
DA:32,2
DA:40,2
DA:42,1
LF:6
LH:6
BRDA:26,0,0,1
BRDA:26,0,1,1
BRDA:40,1,0,1
BRDA:40,1,1,1
BRF:4
BRH:4
end_of_record
TN:
SF:src\services\GroceriesService.ts
FN:23,getGrocery
FN:31,insertGrocery
FN:39,getRecipes
FN:50,getGroceryRecipe
FN:61,insertGroceryRecipe
FNF:5
FNH:5
FNDA:2,getGrocery
FNDA:2,insertGrocery
FNDA:2,getRecipes
FNDA:2,getGroceryRecipe
FNDA:2,insertGroceryRecipe
DA:24,2
DA:26,2
DA:28,1
DA:32,2
DA:34,2
DA:36,1
DA:40,2
DA:45,2
DA:47,1
DA:51,2
DA:56,2
DA:58,1
DA:62,2
DA:64,2
DA:66,1
LF:15
LH:15
BRDA:26,0,0,1
BRDA:26,0,1,1
BRDA:34,1,0,1
BRDA:34,1,1,1
BRDA:45,2,0,1
BRDA:45,2,1,1
BRDA:56,3,0,1
BRDA:56,3,1,1
BRDA:64,4,0,1
BRDA:64,4,1,1
BRF:10
BRH:10
end_of_record
TN:
SF:src\services\HomeService.ts
FN:4,getAppConfig
FN:12,getCurrentUser
FN:24,getUser
FN:36,supabaseSignIn
FN:47,supabaseSignUp
FN:58,insertUser
FN:70,supabaseGetSession
FN:81,supabaseSignOut
FNF:8
FNH:8
FNDA:2,getAppConfig
FNDA:3,getCurrentUser
FNDA:2,getUser
FNDA:2,supabaseSignIn
FNDA:2,supabaseSignUp
FNDA:2,insertUser
FNDA:2,supabaseGetSession
FNDA:2,supabaseSignOut
DA:5,2
DA:7,2
DA:9,1
DA:16,3
DA:18,3
DA:19,2
DA:21,1
DA:25,2
DA:31,2
DA:33,1
DA:37,2
DA:42,2
DA:44,1
DA:48,2
DA:53,2
DA:55,1
DA:59,2
DA:65,2
DA:67,1
DA:74,2
DA:76,2
DA:78,1
DA:82,2
DA:84,2
LF:24
LH:24
BRDA:7,0,0,1
BRDA:7,0,1,1
BRDA:18,1,0,1
BRDA:18,1,1,2
BRDA:19,2,0,1
BRDA:19,2,1,1
BRDA:31,3,0,1
BRDA:31,3,1,1
BRDA:42,4,0,1
BRDA:42,4,1,1
BRDA:53,5,0,1
BRDA:53,5,1,1
BRDA:65,6,0,1
BRDA:65,6,1,1
BRDA:76,7,0,1
BRDA:76,7,1,1
BRDA:84,8,0,1
BRDA:84,8,1,1
BRF:18
BRH:18
end_of_record
TN:
SF:src\services\RecipesService.ts
FN:23,getIngredients
FN:34,getRecipes
FN:45,insertRecipe
FN:59,insertRecipeIngredient
FNF:4
FNH:4
FNDA:2,getIngredients
FNDA:2,getRecipes
FNDA:2,insertRecipe
FNDA:2,insertRecipeIngredient
DA:24,2
DA:29,2
DA:31,1
DA:35,2
DA:40,2
DA:42,1
DA:46,2
DA:54,2
DA:56,1
DA:60,2
DA:62,2
DA:64,1
LF:12
LH:12
BRDA:29,0,0,1
BRDA:29,0,1,1
BRDA:40,1,0,1
BRDA:40,1,1,1
BRDA:54,2,0,1
BRDA:54,2,1,1
BRDA:62,3,0,1
BRDA:62,3,1,1
BRF:8
BRH:8
end_of_record
TN:
SF:src\usecases\GroceriesUsecase.ts
FN:3,getOrCreateGroceryId
FNF:1
FNH:1
FNDA:3,getOrCreateGroceryId
DA:4,3
DA:5,3
DA:7,2
DA:9,1
DA:11,1
DA:13,1
LF:6
LH:6
BRDA:7,0,0,1
BRDA:7,0,1,1
BRF:2
BRH:2
end_of_record
